✓ dd.autoref import successful
2025-12-08 16:02:00 | INFO | Parsing PNML ...
2025-12-08 16:02:00 | INFO | Parsed PNML: |P|=30 |T|=30
2025-12-08 16:02:00 | INFO | Task 2: BFS explicit reachability ...
2025-12-08 16:02:02 | INFO | Explicit: |Reach|=32768, time=1.931s, peak=24.8MB
2025-12-08 16:02:02 | INFO | Task 3: BDD symbolic reachability (Mode: topological) ...
  [BDD] Iteration 1: Found 15 new states
  [BDD] Iteration 2: Found 105 new states
  [BDD] Iteration 3: Found 455 new states
  [BDD] Iteration 4: Found 1365 new states
  [BDD] Iteration 5: Found 3003 new states
  [BDD] Iteration 6: Found 5005 new states
  [BDD] Iteration 7: Found 6435 new states
  [BDD] Iteration 8: Found 6435 new states
  [BDD] Iteration 9: Found 5005 new states
  [BDD] Iteration 10: Found 3003 new states
  [BDD] Iteration 11: Found 1365 new states
  [BDD] Iteration 12: Found 455 new states
  [BDD] Iteration 13: Found 105 new states
  [BDD] Iteration 14: Found 15 new states
  [BDD] Iteration 15: Found 1 new states
  [BDD] Iteration 16: Fixed point reached (No new states).
2025-12-08 16:02:41 | INFO | BDD: |Reach|=32768, iters=15, time=39.090s, peak=357.1MB
2025-12-08 16:02:41 | INFO | Task 4: Deadlock detection (BDD + ILP) ...
2025-12-08 16:02:42 | INFO | Deadlock NOT found (method=BDD), time=0.466s, peak=0.0MB
2025-12-08 16:02:42 | INFO | Task 5: Optimization over Reach ...
2025-12-08 16:02:42 | INFO | Optimization: best=15 at ['sw0_off', 'sw10_off', 'sw11_off', 'sw12_off', 'sw13_off', 'sw14_off', 'sw1_off', 'sw2_off', 'sw3_off', 'sw4_off', 'sw5_off', 'sw6_off', 'sw7_off', 'sw8_off', 'sw9_off'], (method=heuristic_bdd_search), time=0.870s, peak=13.3MB

=====================================================================================
 RESULTS SUMMARY | Model: cases/switches_15.pnml
=====================================================================================
Task  | Component            | Result                         | Time (s)   | Mem (MB)  
-------------------------------------------------------------------------------------
1     | PNML Parsing         | |P|=30, |T|=30                 | 0.0015     | -         
2     | Explicit Reach       | Count=32768                    | 1.9310     | 24.76     
3     | BDD (topo)           | Count=32768 (iters=15)         | 39.0896    | 357.13    
4     | Deadlock Check       | None                           | 0.4656     | 0.00      
5     | Optimization         | Max=15                         | 0.8695     | 13.34     
=====================================================================================
